Arguments: 
  D:\node.js\node.exe C:\Users\20438\AppData\Roaming\npm\node_modules\yarn\bin\yarn.js --frozen-lockfile

PATH: 
  C:\Users\20438\AppData\Local\Temp\yarn--1622809975201-0.03778884591154141;D:\Partice\radium-vue\node_modules\.bin;C:\Users\20438\AppData\Local\Yarn\Data\link\node_modules\.bin;D:\Partice\radium-vue\node_modules\.bin;C:\Users\20438\AppData\Roaming\npm\bin;D:\libexec\lib\node_modules\npm\bin\node-gyp-bin;D:\lib\node_modules\npm\bin\node-gyp-bin;D:\node.js\node_modules\npm\bin\node-gyp-bin;D:\Partice\radium-vue\node_modules\.bin;D:\Partice\node_modules\.bin;D:\node_modules\.bin;C:\Users\20438\AppData\Roaming\npm\node_modules\npm\node_modules\@npmcli\run-script\lib\node-gyp-bin;D:\node.js;C:\Program Files (x86)\Common Files\Oracle\Java\javapath;C:\ProgramData\Oracle\Java\javapath;D:\Android SDK\build-tools\30.0.2;C:\Program Files\Microsoft MPI\Bin\;C:\Program Files (x86)\Intel\Intel(R) Management Engine Components\iCLS\;C:\Program Files\Intel\Intel(R) Management Engine Components\iCLS\;C:\Windows\system32;C:\Windows;C:\Windows\System32\Wbem;C:\Windows\System32\WindowsPowerShell\v1.0\;C:\Windows\System32\OpenSSH\;C:\Program Files (x86)\Intel\Intel(R) Management Engine Components\DAL;D:\evn\jsshell-win64;C:\Program Files\Intel\Intel(R) Management Engine Components\DAL;C:\Program Files (x86)\Intel\Intel(R) Management Engine Components\IPT;C:\Program Files\Intel\Intel(R) Management Engine Components\IPT;C:\Program Files (x86)\NVIDIA Corporation\PhysX\Common;C:\Program Files\dotnet\;C:\Program Files\NVIDIA Corporation\NVIDIA NvDLISR;C:\Program Files\Microsoft SQL Server\Client SDK\ODBC\170\Tools\Binn\;C:\Program Files\Microsoft\Web Platform Installer\;C:\Program Files\Microsoft SQL Server\Client SDK\ODBC\130\Tools\Binn\;D:\Sql Server 2017\Share\140\Tools\Binn\;C:\Program Files\Microsoft SQL Server\140\Tools\Binn\;D:\Sql Server 2017\Share\140\DTS\Binn\;C:\Program Files\Microsoft SQL Server\140\DTS\Binn\;C:\Program Files (x86)\Microsoft SQL Server\140\Tools\Binn\;C:\Program Files (x86)\Microsoft SQL Server\140\DTS\Binn\;C:\Program Files (x86)\Microsoft SQL Server\Client SDK\ODBC\130\Tools\Binn\;C:\Program Files (x86)\Microsoft SQL Server\140\Tools\Binn\ManagementStudio\;C:\Program Files\Microsoft SQL Server\130\Tools\Binn\;C:\WINDOWS\system32;C:\WINDOWS;C:\WINDOWS\System32\Wbem;C:\WINDOWS\System32\WindowsPowerShell\v1.0\;C:\WINDOWS\System32\OpenSSH\;D:\Git\cmd;D:\evn\flutter\bin;D:\musql unity\;C:\Program Files\Git\cmd;D:\Java16\bin;D:\GO\bin;C:\Program Files\Docker\Docker\resources\bin;C:\ProgramData\DockerDesktop\version-bin;D:\Program Files (x86)\IncrediBuild;C:\Program Files (x86)\dotnet\;D:\node.js\node_modules\npm\bin;D:\jdk\bin;D:\Ruby23-x64\bin;‪D:\evn\jsshell-win64;D:\Anaconda;D:\Anaconda\Library\mingw-w64\bin;D:\Anaconda\Library\usr\bin;D:\Anaconda\Library\bin;D:\Anaconda\Scripts;C:\Users\20438\AppData\Local\Microsoft\WindowsApps;D:\Microsoft VS Code\bin;C:\Users\20438\AppData\Local\GitHubDesktop\bin;C:\Users\20438\.dotnet\tools;C:\Users\20438\AppData\Local\Microsoft\WindowsApps;C:\Users\20438;D:\Bandizip\;D:\Android SDK\platform-tools;D:\Android SDK\emulator;D:\Android SDK\tools;D:\Android SDK\tools\lib;D:\flutter\bin;D:\java\bin;D:\MinGW\bin;C:\Users\20438\AppData\Roaming\npm;C:\Users\20438\go\bin;D:\jdk\bin;C:\Users\20438\.dotnet\tools;D:\Redis;D:\Android SDK\build-tools\30.0.2;D:\java\jre\bin;

Yarn version: 
  1.22.10

Node version: 
  14.15.0

Platform: 
  win32 x64

Trace: 
  TypeError: Cannot create property 'module' on string '{"module":"C:\\Users\\20438\\.npm-init.js"}'
      at set (C:\Users\20438\AppData\Roaming\npm\node_modules\yarn\lib\cli.js:53902:28)
      at set (C:\Users\20438\AppData\Roaming\npm\node_modules\yarn\lib\cli.js:53916:14)
      at set (C:\Users\20438\AppData\Roaming\npm\node_modules\yarn\lib\cli.js:53896:16)
      at Function.objectPath.set (C:\Users\20438\AppData\Roaming\npm\node_modules\yarn\lib\cli.js:53949:14)
      at NpmRegistry.mergeEnv (C:\Users\20438\AppData\Roaming\npm\node_modules\yarn\lib\cli.js:95657:18)
      at NpmRegistry.<anonymous> (C:\Users\20438\AppData\Roaming\npm\node_modules\yarn\lib\cli.js:31899:12)
      at Generator.next (<anonymous>)
      at step (C:\Users\20438\AppData\Roaming\npm\node_modules\yarn\lib\cli.js:310:30)
      at C:\Users\20438\AppData\Roaming\npm\node_modules\yarn\lib\cli.js:328:14
      at new Promise (<anonymous>)

npm manifest: 
  {
    "name": "radium-vue",
    "version": "1.0.0",
    "description": "A Component Library for Vue3.0",
    "main": "index.js",
    "scripts": {
      "cz": "npx git-cz",
      "test": "jest",
      "gen": "bash ./scripts/gc.sh",
      "bootstrap": "yarn --frozen-lockfile && npx lerna bootstrap && yarn gen:version",
      "gen:version": "node build/gen-version.js",
      "build": "yarn bootstrap && yarn clean:lib && yarn build:esm-bundle && yarn build:lib && yarn build:lib-full && yarn build:esm && yarn build:utils && yarn build:locale && yarn build:locale-umd && yarn build:theme && yarn build:helper",
      "clean:lib": "rimraf lib && rimraf es",
      "build:lib": "cross-env LIBMODE=core webpack --config ./build/webpack.config.js",
      "build:lib-full": "cross-env LIBMODE=full webpack --config ./build/webpack.config.js",
      "build:esm-bundle": "rollup --config ./build/rollup.config.bundle.js && yarn build:type",
      "build:type": "node build/gen-type.js",
      "build:esm": "node ./build/bincomp.js",
      "build:components": "rollup --config ./build/rollup.config.js",
      "build:utils": "cross-env BABEL_ENV=utils babel packages/utils --extensions .ts --out-dir lib/utils",
      "build:locale": "cross-env BABEL_ENV=utils babel packages/locale --extensions .ts --out-dir lib/locale",
      "build:locale-umd": "node ./build/build-locale.js",
      "build:theme": "rimraf packages/theme-brush/lib && gulp build --gulpfile packages/theme-brush/gulpfile.js && cp-cli packages/theme-brush/lib lib/theme-brush && rimraf packages/theme-brush/lib",
      "build:helper": "node build/build-helper.js",
      "lint": "eslint ./packages --ext .vue,.js,.ts",
      "lint-fix": "eslint --fix ./packages --ext .vue,.js,.ts",
      "website-build": "rimraf website-dist && cross-env NODE_ENV=production webpack --config ./website/webpack.config.js",
      "website-dev": "webpack-dev-server --config ./website/webpack.config.js",
      "website-dev:play": "cross-env PLAY_ENV=true yarn website-dev",
      "upgrade:vue": "bash ./scripts/update-versions.sh",
      "fast-build": "sh ./scripts/build.sh"
    },
    "repository": {
      "type": "git",
      "url": "https://gitee.com/Agrement/radium-vue.git"
    },
    "author": "Radium",
    "license": "MIT",
    "devDependencies": {
      "@babel/cli": "^7.12.1",
      "@babel/core": "^7.11.4",
      "@babel/plugin-proposal-class-properties": "^7.12.1",
      "@babel/plugin-transform-runtime": "^7.12.1",
      "@babel/preset-env": "^7.11.5",
      "@babel/preset-typescript": "^7.10.4",
      "@commitlint/cli": "^9.1.2",
      "@commitlint/config-conventional": "^9.1.2",
      "@rollup/plugin-commonjs": "^15.1.0",
      "@rollup/plugin-node-resolve": "^9.0.0",
      "@rollup/plugin-typescript": "^6.0.0",
      "@types/jest": "^26.0.10",
      "@types/lodash": "^4.14.161",
      "@typescript-eslint/eslint-plugin": "^3.10.1",
      "@typescript-eslint/parser": "^3.10.1",
      "@vue/babel-plugin-jsx": "^1.0.0",
      "@vue/compiler-sfc": "^3.0.9",
      "@vue/component-compiler-utils": "^3.2.0",
      "algoliasearch": "^4.4.0",
      "babel-jest": "^26.3.0",
      "babel-loader": "^8.1.0",
      "babel-plugin-lodash": "^3.3.4",
      "babel-plugin-module-resolver": "^4.0.0",
      "babel-preset-vue": "^2.0.2",
      "chalk": "^4.1.0",
      "clipboard-copy": "^4.0.1",
      "components-helper": "^1.0.2",
      "cp-cli": "^2.0.0",
      "cross-env": "^7.0.2",
      "css-loader": "^4.2.2",
      "css-minimizer-webpack-plugin": "^1.1.5",
      "cz-conventional-changelog": "^3.3.0",
      "esbuild": "^0.12.5",
      "eslint": "^7.7.0",
      "eslint-plugin-prettier": "^3.4.0",
      "eslint-plugin-vue": "^7.0.0-beta.0",
      "file-loader": "^6.0.0",
      "file-save": "^0.2.0",
      "highlight.js": "^10.4.1",
      "html-webpack-plugin": "^4.3.0",
      "husky": "^4.2.5",
      "import-from": "^3.0.0",
      "jest": "^26.6.3",
      "lerna": "^3.22.1",
      "lint-staged": "^10.2.13",
      "markdown-it": "^11.0.0",
      "markdown-it-anchor": "^5.3.0",
      "markdown-it-chain": "^1.3.0",
      "markdown-it-container": "^3.0.0",
      "mini-css-extract-plugin": "^0.11.2",
      "ora": "^5.1.0",
      "prettier": "1.19.1",
      "rimraf": "^3.0.2",
      "rollup": "^2.28.2",
      "rollup-plugin-css-only": "^2.1.0",
      "rollup-plugin-esbuild": "^4.2.3",
      "rollup-plugin-terser": "^7.0.2",
      "rollup-plugin-typescript2": "^0.27.3",
      "rollup-plugin-vue": "^6.0.0",
      "sass": "^1.34.0",
      "sass-loader": "^10.0.1",
      "sinon": "^9.0.3",
      "style-loader": "^1.2.1",
      "throttle-debounce": "2.3.0",
      "transliteration": "^2.1.11",
      "ts-loader": "^8.0.3",
      "typescript": "^4.0.2",
      "url-loader": "^4.1.0",
      "vue": "^3.0.9",
      "vue-jest": "5.0.0-alpha.5",
      "vue-loader": "^16.1.2",
      "vue-router": "^4.0.2",
      "vue-template-compiler": "^2.6.12",
      "webpack": "^4.44.1",
      "webpack-bundle-analyzer": "^3.9.0",
      "webpack-cli": "^3.3.12",
      "webpack-dev-server": "^3.11.0"
    },
    "dependencies": {
      "@babel/preset-typescript": "^7.13.0"
    },
    "workspaces": [
      "packages/*"
    ],
    "files": [
      "lib",
      "es",
      "packages"
    ]
  }

yarn manifest: 
  No manifest

Lockfile: 
  No lockfile
